[ 2017-01-06T16:14:13+08:00 ] ::1 /tool.akphp.com/
INFO: [ app_init ] --START--
INFO: Run Behavior\BuildLiteBehavior [ RunTime:0.000000s ]
INFO: [ app_init ] --END-- [ RunTime:0.179010s ]
INFO: [ app_begin ] --START--
INFO: Run Behavior\ReadHtmlCacheBehavior [ RunTime:0.002000s ]
INFO: [ app_begin ] --END-- [ RunTime:0.002000s ]
INFO: [ view_parse ] --START--
INFO: [ template_filter ] --START--
INFO: Run Behavior\ContentReplaceBehavior [ RunTime:0.068004s ]
INFO: [ template_filter ] --END-- [ RunTime:0.068004s ]
INFO: Run Behavior\ParseTemplateBehavior [ RunTime:0.076004s ]
INFO: [ view_parse ] --END-- [ RunTime:0.076004s ]
INFO: [ view_filter ] --START--
INFO: Run Behavior\WriteHtmlCacheBehavior [ RunTime:0.001000s ]
INFO: [ view_filter ] --END-- [ RunTime:0.001000s ]
INFO: [ app_end ] --START--
INFO: Run Behavior\ShowPageTraceBehavior [ RunTime:0.001000s ]
INFO: [ app_end ] --END-- [ RunTime:0.001000s ]

[ 2017-01-06T16:15:01+08:00 ] ::1 /tool.akphp.com/
INFO: [ app_init ] --START--
INFO: Run Behavior\BuildLiteBehavior [ RunTime:0.000000s ]
INFO: [ app_init ] --END-- [ RunTime:0.000000s ]
INFO: [ app_begin ] --START--
INFO: Run Behavior\ReadHtmlCacheBehavior [ RunTime:0.000000s ]
INFO: [ app_begin ] --END-- [ RunTime:0.001000s ]
INFO: [ view_parse ] --START--
INFO: Run Behavior\ParseTemplateBehavior [ RunTime:0.000000s ]
INFO: [ view_parse ] --END-- [ RunTime:0.000000s ]
INFO: [ view_filter ] --START--
INFO: Run Behavior\WriteHtmlCacheBehavior [ RunTime:0.001000s ]
INFO: [ view_filter ] --END-- [ RunTime:0.001000s ]
INFO: [ app_end ] --START--
INFO: Run Behavior\ShowPageTraceBehavior [ RunTime:0.001000s ]
INFO: [ app_end ] --END-- [ RunTime:0.001000s ]

[ 2017-01-06T17:10:23+08:00 ] ::1 /tool.akphp.com/
ERR: SQLSTATE[HY000] [1045] Access denied for user 'tool'@'localhost' (using password: YES)

[ 2017-01-06T17:10:34+08:00 ] ::1 /tool.akphp.com/
ERR: SQLSTATE[HY000] [1045] Access denied for user 'tool'@'localhost' (using password: YES)

[ 2017-01-06T17:44:22+08:00 ] ::1 /tool.akphp.com/
ERR: 1364:Field 'ipaddressid' doesn't have a default value
 [ SQL语句 ] : INSERT INTO `hxs_ipaddress` (`ip`,`address`) VALUES ('127','江西')

[ 2017-01-06T17:53:01+08:00 ] ::1 /tool.akphp.com/
ERR: 1364:Field 'userid' doesn't have a default value
 [ SQL语句 ] : INSERT INTO `hxs_ipaddress` (`ip`,`address`) VALUES ('2130706433','江西')

[ 2017-01-06T17:56:49+08:00 ] ::1 /tool.akphp.com/
ERR: 1364:Field 'userid' doesn't have a default value
 [ SQL语句 ] : INSERT INTO `hxs_ipaddress` (`ip`,`address`,`time`) VALUES ('2130706433','江西','1483696609')

[ 2017-01-06T17:56:59+08:00 ] ::1 /tool.akphp.com/
ERR: 1364:Field 'userid' doesn't have a default value
 [ SQL语句 ] : INSERT INTO `hxs_ipaddress` (`ip`,`address`,`time`) VALUES ('2130706433','江西','1483696619')

[ 2017-01-06T17:57:14+08:00 ] ::1 /tool.akphp.com/
ERR: 1364:Field 'userid' doesn't have a default value
 [ SQL语句 ] : INSERT INTO `hxs_ipaddress` (`ip`,`address`,`time`) VALUES ('2130706433','江西','1483696634')

[ 2017-01-06T17:57:16+08:00 ] ::1 /tool.akphp.com/
ERR: 1364:Field 'userid' doesn't have a default value
 [ SQL语句 ] : INSERT INTO `hxs_ipaddress` (`ip`,`address`,`time`) VALUES ('2130706433','江西','1483696636')

[ 2017-01-06T18:14:00+08:00 ] ::1 /tool.akphp.com/
ERR: Think\Controller:MulitarraytoSingle方法不存在！

